{"D:\\WebDev\\INCODE\\GitHub\\exercise-7-nasa-calculator-team-404\\src\\Calculator.js": {"path":"D:\\WebDev\\INCODE\\GitHub\\exercise-7-nasa-calculator-team-404\\src\\Calculator.js","all":false,"statementMap":{"0":{"start":{"line":1,"column":0},"end":{"line":1,"column":38}},"1":{"start":{"line":2,"column":0},"end":{"line":2,"column":0}},"2":{"start":{"line":3,"column":0},"end":{"line":3,"column":8}},"3":{"start":{"line":4,"column":0},"end":{"line":4,"column":52}},"4":{"start":{"line":5,"column":0},"end":{"line":5,"column":63}},"5":{"start":{"line":6,"column":0},"end":{"line":6,"column":74}},"6":{"start":{"line":7,"column":0},"end":{"line":7,"column":53}},"7":{"start":{"line":8,"column":0},"end":{"line":8,"column":33}},"8":{"start":{"line":9,"column":0},"end":{"line":9,"column":17}},"9":{"start":{"line":10,"column":0},"end":{"line":10,"column":64}},"10":{"start":{"line":11,"column":0},"end":{"line":11,"column":66}},"11":{"start":{"line":12,"column":0},"end":{"line":12,"column":53}},"12":{"start":{"line":13,"column":0},"end":{"line":13,"column":51}},"13":{"start":{"line":14,"column":0},"end":{"line":14,"column":3}},"14":{"start":{"line":15,"column":0},"end":{"line":15,"column":0}},"15":{"start":{"line":16,"column":0},"end":{"line":16,"column":10}},"16":{"start":{"line":17,"column":0},"end":{"line":17,"column":17}},"17":{"start":{"line":18,"column":0},"end":{"line":18,"column":27}},"18":{"start":{"line":19,"column":0},"end":{"line":19,"column":3}},"19":{"start":{"line":20,"column":0},"end":{"line":20,"column":0}},"20":{"start":{"line":21,"column":0},"end":{"line":21,"column":21}},"21":{"start":{"line":22,"column":0},"end":{"line":22,"column":52}},"22":{"start":{"line":23,"column":0},"end":{"line":23,"column":31}},"23":{"start":{"line":24,"column":0},"end":{"line":24,"column":0}},"24":{"start":{"line":25,"column":0},"end":{"line":25,"column":38}},"25":{"start":{"line":26,"column":0},"end":{"line":26,"column":15}},"26":{"start":{"line":27,"column":0},"end":{"line":27,"column":7}},"27":{"start":{"line":28,"column":0},"end":{"line":28,"column":0}},"28":{"start":{"line":29,"column":0},"end":{"line":29,"column":60}},"29":{"start":{"line":30,"column":0},"end":{"line":30,"column":0}},"30":{"start":{"line":31,"column":0},"end":{"line":31,"column":27}},"31":{"start":{"line":32,"column":0},"end":{"line":32,"column":22}},"32":{"start":{"line":33,"column":0},"end":{"line":33,"column":48}},"33":{"start":{"line":34,"column":0},"end":{"line":34,"column":16}},"34":{"start":{"line":35,"column":0},"end":{"line":35,"column":24}},"35":{"start":{"line":36,"column":0},"end":{"line":36,"column":50}},"36":{"start":{"line":37,"column":0},"end":{"line":37,"column":16}},"37":{"start":{"line":38,"column":0},"end":{"line":38,"column":22}},"38":{"start":{"line":39,"column":0},"end":{"line":39,"column":28}},"39":{"start":{"line":40,"column":0},"end":{"line":40,"column":80}},"40":{"start":{"line":41,"column":0},"end":{"line":41,"column":35}},"41":{"start":{"line":42,"column":0},"end":{"line":42,"column":16}},"42":{"start":{"line":43,"column":0},"end":{"line":43,"column":21}},"43":{"start":{"line":44,"column":0},"end":{"line":44,"column":23}},"44":{"start":{"line":45,"column":0},"end":{"line":45,"column":16}},"45":{"start":{"line":46,"column":0},"end":{"line":46,"column":16}},"46":{"start":{"line":47,"column":0},"end":{"line":47,"column":17}},"47":{"start":{"line":48,"column":0},"end":{"line":48,"column":7}},"48":{"start":{"line":49,"column":0},"end":{"line":49,"column":0}},"49":{"start":{"line":50,"column":0},"end":{"line":50,"column":27}},"50":{"start":{"line":51,"column":0},"end":{"line":51,"column":7}},"51":{"start":{"line":52,"column":0},"end":{"line":52,"column":3}},"52":{"start":{"line":53,"column":0},"end":{"line":53,"column":0}},"53":{"start":{"line":54,"column":0},"end":{"line":54,"column":19}},"54":{"start":{"line":55,"column":0},"end":{"line":55,"column":55}},"55":{"start":{"line":56,"column":0},"end":{"line":56,"column":57}},"56":{"start":{"line":57,"column":0},"end":{"line":57,"column":47}},"57":{"start":{"line":58,"column":0},"end":{"line":58,"column":3}},"58":{"start":{"line":59,"column":0},"end":{"line":59,"column":0}},"59":{"start":{"line":60,"column":0},"end":{"line":60,"column":24}},"60":{"start":{"line":61,"column":0},"end":{"line":61,"column":37}},"61":{"start":{"line":62,"column":0},"end":{"line":62,"column":30}},"62":{"start":{"line":63,"column":0},"end":{"line":63,"column":5}},"63":{"start":{"line":64,"column":0},"end":{"line":64,"column":0}},"64":{"start":{"line":65,"column":0},"end":{"line":65,"column":61}},"65":{"start":{"line":66,"column":0},"end":{"line":66,"column":13}},"66":{"start":{"line":67,"column":0},"end":{"line":67,"column":5}},"67":{"start":{"line":68,"column":0},"end":{"line":68,"column":0}},"68":{"start":{"line":69,"column":0},"end":{"line":69,"column":54}},"69":{"start":{"line":70,"column":0},"end":{"line":70,"column":32}},"70":{"start":{"line":71,"column":0},"end":{"line":71,"column":13}},"71":{"start":{"line":72,"column":0},"end":{"line":72,"column":5}},"72":{"start":{"line":73,"column":0},"end":{"line":73,"column":0}},"73":{"start":{"line":74,"column":0},"end":{"line":74,"column":51}},"74":{"start":{"line":75,"column":0},"end":{"line":75,"column":44}},"75":{"start":{"line":76,"column":0},"end":{"line":76,"column":8}},"76":{"start":{"line":77,"column":0},"end":{"line":77,"column":0}},"77":{"start":{"line":78,"column":0},"end":{"line":78,"column":75}},"78":{"start":{"line":79,"column":0},"end":{"line":79,"column":16}},"79":{"start":{"line":80,"column":0},"end":{"line":80,"column":8}},"80":{"start":{"line":81,"column":0},"end":{"line":81,"column":0}},"81":{"start":{"line":82,"column":0},"end":{"line":82,"column":68}},"82":{"start":{"line":83,"column":0},"end":{"line":83,"column":46}},"83":{"start":{"line":84,"column":0},"end":{"line":84,"column":16}},"84":{"start":{"line":85,"column":0},"end":{"line":85,"column":8}},"85":{"start":{"line":86,"column":0},"end":{"line":86,"column":0}},"86":{"start":{"line":87,"column":0},"end":{"line":87,"column":69}},"87":{"start":{"line":88,"column":0},"end":{"line":88,"column":47}},"88":{"start":{"line":89,"column":0},"end":{"line":89,"column":16}},"89":{"start":{"line":90,"column":0},"end":{"line":90,"column":8}},"90":{"start":{"line":91,"column":0},"end":{"line":91,"column":0}},"91":{"start":{"line":92,"column":0},"end":{"line":92,"column":34}},"92":{"start":{"line":93,"column":0},"end":{"line":93,"column":47}},"93":{"start":{"line":94,"column":0},"end":{"line":94,"column":60}},"94":{"start":{"line":95,"column":0},"end":{"line":95,"column":8}},"95":{"start":{"line":96,"column":0},"end":{"line":96,"column":13}},"96":{"start":{"line":97,"column":0},"end":{"line":97,"column":44}},"97":{"start":{"line":98,"column":0},"end":{"line":98,"column":60}},"98":{"start":{"line":99,"column":0},"end":{"line":99,"column":8}},"99":{"start":{"line":100,"column":0},"end":{"line":100,"column":0}},"100":{"start":{"line":101,"column":0},"end":{"line":101,"column":51}},"101":{"start":{"line":102,"column":0},"end":{"line":102,"column":75}},"102":{"start":{"line":103,"column":0},"end":{"line":103,"column":48}},"103":{"start":{"line":104,"column":0},"end":{"line":104,"column":46}},"104":{"start":{"line":105,"column":0},"end":{"line":105,"column":62}},"105":{"start":{"line":106,"column":0},"end":{"line":106,"column":17}},"106":{"start":{"line":107,"column":0},"end":{"line":107,"column":62}},"107":{"start":{"line":108,"column":0},"end":{"line":108,"column":10}},"108":{"start":{"line":109,"column":0},"end":{"line":109,"column":0}},"109":{"start":{"line":110,"column":0},"end":{"line":110,"column":77}},"110":{"start":{"line":111,"column":0},"end":{"line":111,"column":30}},"111":{"start":{"line":112,"column":0},"end":{"line":112,"column":46}},"112":{"start":{"line":113,"column":0},"end":{"line":113,"column":12}},"113":{"start":{"line":114,"column":0},"end":{"line":114,"column":46}},"114":{"start":{"line":115,"column":0},"end":{"line":115,"column":5}},"115":{"start":{"line":116,"column":0},"end":{"line":116,"column":3}},"116":{"start":{"line":117,"column":0},"end":{"line":117,"column":0}},"117":{"start":{"line":118,"column":0},"end":{"line":118,"column":11}},"118":{"start":{"line":119,"column":0},"end":{"line":119,"column":29}},"119":{"start":{"line":120,"column":0},"end":{"line":120,"column":29}},"120":{"start":{"line":121,"column":0},"end":{"line":121,"column":23}},"121":{"start":{"line":122,"column":0},"end":{"line":122,"column":3}},"122":{"start":{"line":123,"column":0},"end":{"line":123,"column":0}},"123":{"start":{"line":124,"column":0},"end":{"line":124,"column":29}},"124":{"start":{"line":125,"column":0},"end":{"line":125,"column":31}},"125":{"start":{"line":126,"column":0},"end":{"line":126,"column":24}},"126":{"start":{"line":127,"column":0},"end":{"line":127,"column":16}},"127":{"start":{"line":128,"column":0},"end":{"line":128,"column":5}},"128":{"start":{"line":129,"column":0},"end":{"line":129,"column":0}},"129":{"start":{"line":130,"column":0},"end":{"line":130,"column":45}},"130":{"start":{"line":131,"column":0},"end":{"line":131,"column":30}},"131":{"start":{"line":132,"column":0},"end":{"line":132,"column":3}},"132":{"start":{"line":133,"column":0},"end":{"line":133,"column":0}},"133":{"start":{"line":134,"column":0},"end":{"line":134,"column":12}},"134":{"start":{"line":135,"column":0},"end":{"line":135,"column":15}},"135":{"start":{"line":136,"column":0},"end":{"line":136,"column":45}},"136":{"start":{"line":137,"column":0},"end":{"line":137,"column":44}},"137":{"start":{"line":138,"column":0},"end":{"line":138,"column":31}},"138":{"start":{"line":139,"column":0},"end":{"line":139,"column":0}},"139":{"start":{"line":140,"column":0},"end":{"line":140,"column":19}},"140":{"start":{"line":141,"column":0},"end":{"line":141,"column":15}},"141":{"start":{"line":142,"column":0},"end":{"line":142,"column":29}},"142":{"start":{"line":143,"column":0},"end":{"line":143,"column":14}},"143":{"start":{"line":144,"column":0},"end":{"line":144,"column":15}},"144":{"start":{"line":145,"column":0},"end":{"line":145,"column":29}},"145":{"start":{"line":146,"column":0},"end":{"line":146,"column":14}},"146":{"start":{"line":147,"column":0},"end":{"line":147,"column":15}},"147":{"start":{"line":148,"column":0},"end":{"line":148,"column":29}},"148":{"start":{"line":149,"column":0},"end":{"line":149,"column":14}},"149":{"start":{"line":150,"column":0},"end":{"line":150,"column":15}},"150":{"start":{"line":151,"column":0},"end":{"line":151,"column":29}},"151":{"start":{"line":152,"column":0},"end":{"line":152,"column":14}},"152":{"start":{"line":153,"column":0},"end":{"line":153,"column":14}},"153":{"start":{"line":154,"column":0},"end":{"line":154,"column":15}},"154":{"start":{"line":155,"column":0},"end":{"line":155,"column":5}},"155":{"start":{"line":156,"column":0},"end":{"line":156,"column":0}},"156":{"start":{"line":157,"column":0},"end":{"line":157,"column":31}},"157":{"start":{"line":158,"column":0},"end":{"line":158,"column":13}},"158":{"start":{"line":159,"column":0},"end":{"line":159,"column":5}},"159":{"start":{"line":160,"column":0},"end":{"line":160,"column":0}},"160":{"start":{"line":161,"column":0},"end":{"line":161,"column":40}},"161":{"start":{"line":162,"column":0},"end":{"line":162,"column":39}},"162":{"start":{"line":163,"column":0},"end":{"line":163,"column":5}},"163":{"start":{"line":164,"column":0},"end":{"line":164,"column":0}},"164":{"start":{"line":165,"column":0},"end":{"line":165,"column":18}},"165":{"start":{"line":166,"column":0},"end":{"line":166,"column":3}},"166":{"start":{"line":167,"column":0},"end":{"line":167,"column":0}},"167":{"start":{"line":168,"column":0},"end":{"line":168,"column":16}},"168":{"start":{"line":169,"column":0},"end":{"line":169,"column":33}},"169":{"start":{"line":170,"column":0},"end":{"line":170,"column":39}},"170":{"start":{"line":171,"column":0},"end":{"line":171,"column":45}},"171":{"start":{"line":172,"column":0},"end":{"line":172,"column":23}},"172":{"start":{"line":173,"column":0},"end":{"line":173,"column":3}},"173":{"start":{"line":174,"column":0},"end":{"line":174,"column":1}}},"s":{"0":1,"1":1,"2":1,"3":1,"4":1,"5":1,"6":1,"7":1,"8":1,"9":28,"10":28,"11":28,"12":28,"13":28,"14":1,"15":1,"16":26,"17":26,"18":26,"19":1,"20":1,"21":26,"22":22,"23":22,"24":22,"25":0,"26":0,"27":22,"28":22,"29":22,"30":22,"31":22,"32":11,"33":11,"34":22,"35":6,"36":6,"37":22,"38":3,"39":3,"40":3,"41":3,"42":22,"43":2,"44":2,"45":22,"46":0,"47":22,"48":22,"49":22,"50":26,"51":26,"52":1,"53":1,"54":22,"55":22,"56":22,"57":22,"58":1,"59":1,"60":11,"61":6,"62":6,"63":11,"64":11,"65":1,"66":1,"67":10,"68":11,"69":1,"70":1,"71":1,"72":9,"73":9,"74":9,"75":9,"76":9,"77":9,"78":9,"79":9,"80":9,"81":9,"82":9,"83":9,"84":9,"85":9,"86":9,"87":9,"88":9,"89":9,"90":9,"91":9,"92":9,"93":9,"94":9,"95":9,"96":9,"97":9,"98":9,"99":9,"100":9,"101":9,"102":9,"103":9,"104":9,"105":9,"106":9,"107":9,"108":9,"109":11,"110":3,"111":3,"112":11,"113":6,"114":6,"115":11,"116":1,"117":1,"118":29,"119":29,"120":29,"121":29,"122":1,"123":1,"124":6,"125":1,"126":1,"127":1,"128":6,"129":6,"130":6,"131":6,"132":1,"133":1,"134":11,"135":11,"136":11,"137":11,"138":11,"139":11,"140":11,"141":1,"142":1,"143":11,"144":3,"145":3,"146":11,"147":1,"148":1,"149":11,"150":3,"151":3,"152":11,"153":3,"154":11,"155":8,"156":11,"157":1,"158":1,"159":7,"160":11,"161":1,"162":1,"163":6,"164":6,"165":11,"166":1,"167":1,"168":4,"169":4,"170":4,"171":4,"172":4,"173":1},"branchMap":{"0":{"type":"branch","line":1,"loc":{"start":{"line":1,"column":0},"end":{"line":174,"column":1}},"locations":[{"start":{"line":1,"column":0},"end":{"line":174,"column":1}}]},"1":{"type":"branch","line":9,"loc":{"start":{"line":9,"column":2},"end":{"line":14,"column":3}},"locations":[{"start":{"line":9,"column":2},"end":{"line":14,"column":3}}]},"2":{"type":"branch","line":16,"loc":{"start":{"line":16,"column":2},"end":{"line":19,"column":3}},"locations":[{"start":{"line":16,"column":2},"end":{"line":19,"column":3}}]},"3":{"type":"branch","line":21,"loc":{"start":{"line":21,"column":2},"end":{"line":52,"column":3}},"locations":[{"start":{"line":21,"column":2},"end":{"line":52,"column":3}}]},"4":{"type":"branch","line":22,"loc":{"start":{"line":22,"column":40},"end":{"line":51,"column":5}},"locations":[{"start":{"line":22,"column":40},"end":{"line":51,"column":5}}]},"5":{"type":"branch","line":25,"loc":{"start":{"line":25,"column":37},"end":{"line":27,"column":7}},"locations":[{"start":{"line":25,"column":37},"end":{"line":27,"column":7}}]},"6":{"type":"branch","line":32,"loc":{"start":{"line":32,"column":8},"end":{"line":34,"column":16}},"locations":[{"start":{"line":32,"column":8},"end":{"line":34,"column":16}}]},"7":{"type":"branch","line":35,"loc":{"start":{"line":35,"column":8},"end":{"line":37,"column":16}},"locations":[{"start":{"line":35,"column":8},"end":{"line":37,"column":16}}]},"8":{"type":"branch","line":38,"loc":{"start":{"line":38,"column":8},"end":{"line":42,"column":16}},"locations":[{"start":{"line":38,"column":8},"end":{"line":42,"column":16}}]},"9":{"type":"branch","line":43,"loc":{"start":{"line":43,"column":8},"end":{"line":45,"column":16}},"locations":[{"start":{"line":43,"column":8},"end":{"line":45,"column":16}}]},"10":{"type":"branch","line":46,"loc":{"start":{"line":46,"column":8},"end":{"line":47,"column":17}},"locations":[{"start":{"line":46,"column":8},"end":{"line":47,"column":17}}]},"11":{"type":"branch","line":54,"loc":{"start":{"line":54,"column":2},"end":{"line":58,"column":3}},"locations":[{"start":{"line":54,"column":2},"end":{"line":58,"column":3}}]},"12":{"type":"branch","line":60,"loc":{"start":{"line":60,"column":2},"end":{"line":116,"column":3}},"locations":[{"start":{"line":60,"column":2},"end":{"line":116,"column":3}}]},"13":{"type":"branch","line":61,"loc":{"start":{"line":61,"column":36},"end":{"line":63,"column":5}},"locations":[{"start":{"line":61,"column":36},"end":{"line":63,"column":5}}]},"14":{"type":"branch","line":65,"loc":{"start":{"line":65,"column":23},"end":{"line":65,"column":58}},"locations":[{"start":{"line":65,"column":23},"end":{"line":65,"column":58}}]},"15":{"type":"branch","line":65,"loc":{"start":{"line":65,"column":60},"end":{"line":67,"column":5}},"locations":[{"start":{"line":65,"column":60},"end":{"line":67,"column":5}}]},"16":{"type":"branch","line":68,"loc":{"start":{"line":68,"column":-2},"end":{"line":69,"column":23}},"locations":[{"start":{"line":68,"column":-2},"end":{"line":69,"column":23}}]},"17":{"type":"branch","line":69,"loc":{"start":{"line":69,"column":23},"end":{"line":69,"column":51}},"locations":[{"start":{"line":69,"column":23},"end":{"line":69,"column":51}}]},"18":{"type":"branch","line":69,"loc":{"start":{"line":69,"column":53},"end":{"line":72,"column":5}},"locations":[{"start":{"line":69,"column":53},"end":{"line":72,"column":5}}]},"19":{"type":"branch","line":73,"loc":{"start":{"line":73,"column":-2},"end":{"line":110,"column":51}},"locations":[{"start":{"line":73,"column":-2},"end":{"line":110,"column":51}}]},"20":{"type":"branch","line":110,"loc":{"start":{"line":110,"column":51},"end":{"line":110,"column":74}},"locations":[{"start":{"line":110,"column":51},"end":{"line":110,"column":74}}]},"21":{"type":"branch","line":110,"loc":{"start":{"line":110,"column":76},"end":{"line":113,"column":5}},"locations":[{"start":{"line":110,"column":76},"end":{"line":113,"column":5}}]},"22":{"type":"branch","line":113,"loc":{"start":{"line":113,"column":5},"end":{"line":115,"column":5}},"locations":[{"start":{"line":113,"column":5},"end":{"line":115,"column":5}}]},"23":{"type":"branch","line":118,"loc":{"start":{"line":118,"column":2},"end":{"line":122,"column":3}},"locations":[{"start":{"line":118,"column":2},"end":{"line":122,"column":3}}]},"24":{"type":"branch","line":124,"loc":{"start":{"line":124,"column":2},"end":{"line":132,"column":3}},"locations":[{"start":{"line":124,"column":2},"end":{"line":132,"column":3}}]},"25":{"type":"branch","line":125,"loc":{"start":{"line":125,"column":30},"end":{"line":128,"column":5}},"locations":[{"start":{"line":125,"column":30},"end":{"line":128,"column":5}}]},"26":{"type":"branch","line":134,"loc":{"start":{"line":134,"column":2},"end":{"line":166,"column":3}},"locations":[{"start":{"line":134,"column":2},"end":{"line":166,"column":3}}]},"27":{"type":"branch","line":141,"loc":{"start":{"line":141,"column":6},"end":{"line":143,"column":14}},"locations":[{"start":{"line":141,"column":6},"end":{"line":143,"column":14}}]},"28":{"type":"branch","line":144,"loc":{"start":{"line":144,"column":6},"end":{"line":146,"column":14}},"locations":[{"start":{"line":144,"column":6},"end":{"line":146,"column":14}}]},"29":{"type":"branch","line":147,"loc":{"start":{"line":147,"column":6},"end":{"line":149,"column":14}},"locations":[{"start":{"line":147,"column":6},"end":{"line":149,"column":14}}]},"30":{"type":"branch","line":150,"loc":{"start":{"line":150,"column":6},"end":{"line":152,"column":14}},"locations":[{"start":{"line":150,"column":6},"end":{"line":152,"column":14}}]},"31":{"type":"branch","line":153,"loc":{"start":{"line":153,"column":6},"end":{"line":154,"column":15}},"locations":[{"start":{"line":153,"column":6},"end":{"line":154,"column":15}}]},"32":{"type":"branch","line":156,"loc":{"start":{"line":156,"column":-2},"end":{"line":157,"column":30}},"locations":[{"start":{"line":156,"column":-2},"end":{"line":157,"column":30}}]},"33":{"type":"branch","line":157,"loc":{"start":{"line":157,"column":30},"end":{"line":159,"column":5}},"locations":[{"start":{"line":157,"column":30},"end":{"line":159,"column":5}}]},"34":{"type":"branch","line":160,"loc":{"start":{"line":160,"column":-2},"end":{"line":161,"column":39}},"locations":[{"start":{"line":160,"column":-2},"end":{"line":161,"column":39}}]},"35":{"type":"branch","line":161,"loc":{"start":{"line":161,"column":39},"end":{"line":163,"column":5}},"locations":[{"start":{"line":161,"column":39},"end":{"line":163,"column":5}}]},"36":{"type":"branch","line":164,"loc":{"start":{"line":164,"column":-2},"end":{"line":166,"column":2}},"locations":[{"start":{"line":164,"column":-2},"end":{"line":166,"column":2}}]},"37":{"type":"branch","line":168,"loc":{"start":{"line":168,"column":2},"end":{"line":173,"column":3}},"locations":[{"start":{"line":168,"column":2},"end":{"line":173,"column":3}}]},"38":{"type":"branch","line":170,"loc":{"start":{"line":170,"column":32},"end":{"line":170,"column":38}},"locations":[{"start":{"line":170,"column":32},"end":{"line":170,"column":38}}]}},"b":{"0":[1],"1":[28],"2":[26],"3":[26],"4":[22],"5":[0],"6":[11],"7":[6],"8":[3],"9":[2],"10":[0],"11":[22],"12":[11],"13":[6],"14":[2],"15":[1],"16":[10],"17":[1],"18":[1],"19":[9],"20":[8],"21":[3],"22":[6],"23":[29],"24":[6],"25":[1],"26":[11],"27":[1],"28":[3],"29":[1],"30":[3],"31":[3],"32":[8],"33":[1],"34":[7],"35":[1],"36":[6],"37":[4],"38":[2]},"fnMap":{"0":{"name":"Calculator","decl":{"start":{"line":9,"column":2},"end":{"line":14,"column":3}},"loc":{"start":{"line":9,"column":2},"end":{"line":14,"column":3}},"line":9},"1":{"name":"init","decl":{"start":{"line":16,"column":2},"end":{"line":19,"column":3}},"loc":{"start":{"line":16,"column":2},"end":{"line":19,"column":3}},"line":16},"2":{"name":"listenToButtons","decl":{"start":{"line":21,"column":2},"end":{"line":52,"column":3}},"loc":{"start":{"line":21,"column":2},"end":{"line":52,"column":3}},"line":21},"3":{"name":"updateDisplay","decl":{"start":{"line":54,"column":2},"end":{"line":58,"column":3}},"loc":{"start":{"line":54,"column":2},"end":{"line":58,"column":3}},"line":54},"4":{"name":"chooseNumber","decl":{"start":{"line":60,"column":2},"end":{"line":116,"column":3}},"loc":{"start":{"line":60,"column":2},"end":{"line":116,"column":3}},"line":60},"5":{"name":"reset","decl":{"start":{"line":118,"column":2},"end":{"line":122,"column":3}},"loc":{"start":{"line":118,"column":2},"end":{"line":122,"column":3}},"line":118},"6":{"name":"chooseOperator","decl":{"start":{"line":124,"column":2},"end":{"line":132,"column":3}},"loc":{"start":{"line":124,"column":2},"end":{"line":132,"column":3}},"line":124},"7":{"name":"doMath","decl":{"start":{"line":134,"column":2},"end":{"line":166,"column":3}},"loc":{"start":{"line":134,"column":2},"end":{"line":166,"column":3}},"line":134},"8":{"name":"showResult","decl":{"start":{"line":168,"column":2},"end":{"line":173,"column":3}},"loc":{"start":{"line":168,"column":2},"end":{"line":173,"column":3}},"line":168}},"f":{"0":28,"1":26,"2":26,"3":22,"4":11,"5":29,"6":6,"7":11,"8":4}}
}
