TN:
SF:src\Calculator.js
FN:9,Calculator
FN:16,init
FN:21,listenToButtons
FN:54,updateDisplay
FN:60,chooseNumber
FN:118,reset
FN:124,chooseOperator
FN:134,doMath
FN:168,showResult
FNF:9
FNH:9
FNDA:28,Calculator
FNDA:26,init
FNDA:26,listenToButtons
FNDA:22,updateDisplay
FNDA:11,chooseNumber
FNDA:29,reset
FNDA:6,chooseOperator
FNDA:11,doMath
FNDA:4,showResult
DA:1,1
DA:2,1
DA:3,1
DA:4,1
DA:5,1
DA:6,1
DA:7,1
DA:8,1
DA:9,1
DA:10,28
DA:11,28
DA:12,28
DA:13,28
DA:14,28
DA:15,1
DA:16,1
DA:17,26
DA:18,26
DA:19,26
DA:20,1
DA:21,1
DA:22,26
DA:23,22
DA:24,22
DA:25,22
DA:26,0
DA:27,0
DA:28,22
DA:29,22
DA:30,22
DA:31,22
DA:32,22
DA:33,11
DA:34,11
DA:35,22
DA:36,6
DA:37,6
DA:38,22
DA:39,3
DA:40,3
DA:41,3
DA:42,3
DA:43,22
DA:44,2
DA:45,2
DA:46,22
DA:47,0
DA:48,22
DA:49,22
DA:50,22
DA:51,26
DA:52,26
DA:53,1
DA:54,1
DA:55,22
DA:56,22
DA:57,22
DA:58,22
DA:59,1
DA:60,1
DA:61,11
DA:62,6
DA:63,6
DA:64,11
DA:65,11
DA:66,1
DA:67,1
DA:68,10
DA:69,11
DA:70,1
DA:71,1
DA:72,1
DA:73,9
DA:74,9
DA:75,9
DA:76,9
DA:77,9
DA:78,9
DA:79,9
DA:80,9
DA:81,9
DA:82,9
DA:83,9
DA:84,9
DA:85,9
DA:86,9
DA:87,9
DA:88,9
DA:89,9
DA:90,9
DA:91,9
DA:92,9
DA:93,9
DA:94,9
DA:95,9
DA:96,9
DA:97,9
DA:98,9
DA:99,9
DA:100,9
DA:101,9
DA:102,9
DA:103,9
DA:104,9
DA:105,9
DA:106,9
DA:107,9
DA:108,9
DA:109,9
DA:110,11
DA:111,3
DA:112,3
DA:113,11
DA:114,6
DA:115,6
DA:116,11
DA:117,1
DA:118,1
DA:119,29
DA:120,29
DA:121,29
DA:122,29
DA:123,1
DA:124,1
DA:125,6
DA:126,1
DA:127,1
DA:128,1
DA:129,6
DA:130,6
DA:131,6
DA:132,6
DA:133,1
DA:134,1
DA:135,11
DA:136,11
DA:137,11
DA:138,11
DA:139,11
DA:140,11
DA:141,11
DA:142,1
DA:143,1
DA:144,11
DA:145,3
DA:146,3
DA:147,11
DA:148,1
DA:149,1
DA:150,11
DA:151,3
DA:152,3
DA:153,11
DA:154,3
DA:155,11
DA:156,8
DA:157,11
DA:158,1
DA:159,1
DA:160,7
DA:161,11
DA:162,1
DA:163,1
DA:164,6
DA:165,6
DA:166,11
DA:167,1
DA:168,1
DA:169,4
DA:170,4
DA:171,4
DA:172,4
DA:173,4
DA:174,1
LF:174
LH:171
BRDA:1,0,0,1
BRDA:9,1,0,28
BRDA:16,2,0,26
BRDA:21,3,0,26
BRDA:22,4,0,22
BRDA:25,5,0,0
BRDA:32,6,0,11
BRDA:35,7,0,6
BRDA:38,8,0,3
BRDA:43,9,0,2
BRDA:46,10,0,0
BRDA:54,11,0,22
BRDA:60,12,0,11
BRDA:61,13,0,6
BRDA:65,14,0,2
BRDA:65,15,0,1
BRDA:68,16,0,10
BRDA:69,17,0,1
BRDA:69,18,0,1
BRDA:73,19,0,9
BRDA:110,20,0,8
BRDA:110,21,0,3
BRDA:113,22,0,6
BRDA:118,23,0,29
BRDA:124,24,0,6
BRDA:125,25,0,1
BRDA:134,26,0,11
BRDA:141,27,0,1
BRDA:144,28,0,3
BRDA:147,29,0,1
BRDA:150,30,0,3
BRDA:153,31,0,3
BRDA:156,32,0,8
BRDA:157,33,0,1
BRDA:160,34,0,7
BRDA:161,35,0,1
BRDA:164,36,0,6
BRDA:168,37,0,4
BRDA:170,38,0,2
BRF:39
BRH:37
end_of_record
